;  LST file generated by mikroListExporter - v.2.0 
; Date/Time: 9/25/2023 11:41:39 AM
;----------------------------------------------

;Address Opcode 	ASM
0x0000	0x2979      	GOTO       377
_Delay_1us:
;__Lib_Delays.c,7 :: 		void Delay_1us() {
;__Lib_Delays.c,8 :: 		Delay_us(1);
0x0003	0x0000      	NOP
0x0004	0x0000      	NOP
;__Lib_Delays.c,9 :: 		}
L_end_Delay_1us:
0x0005	0x0008      	RETURN
; end of _Delay_1us
_Delay_5500us:
;__Lib_Delays.c,31 :: 		void Delay_5500us() {
;__Lib_Delays.c,32 :: 		Delay_us(5500);
0x0006	0x300F      	MOVLW      15
0x0007	0x1283      	BCF        STATUS, 5
0x0008	0x1303      	BCF        STATUS, 6
0x0009	0x00FC      	MOVWF      R12
0x000A	0x3047      	MOVLW      71
0x000B	0x00FD      	MOVWF      R13
L_Delay_5500us5:
0x000C	0x0BFD      	DECFSZ     R13, 1
0x000D	0x280C      	GOTO       L_Delay_5500us5
0x000E	0x0BFC      	DECFSZ     R12, 1
0x000F	0x280C      	GOTO       L_Delay_5500us5
0x0010	0x0000      	NOP
0x0011	0x0000      	NOP
;__Lib_Delays.c,33 :: 		}
L_end_Delay_5500us:
0x0012	0x0008      	RETURN
; end of _Delay_5500us
_Delay_50us:
;__Lib_Delays.c,19 :: 		void Delay_50us() {
;__Lib_Delays.c,20 :: 		Delay_us(50);
0x0013	0x3021      	MOVLW      33
0x0014	0x1283      	BCF        STATUS, 5
0x0015	0x1303      	BCF        STATUS, 6
0x0016	0x00FD      	MOVWF      R13
L_Delay_50us2:
0x0017	0x0BFD      	DECFSZ     R13, 1
0x0018	0x2817      	GOTO       L_Delay_50us2
;__Lib_Delays.c,21 :: 		}
L_end_Delay_50us:
0x0019	0x0008      	RETURN
; end of _Delay_50us
_Lcd_Cmd:
;__Lib_Lcd.c,18 :: 		
;__Lib_Lcd.c,20 :: 		
0x001A	0x1683      	BSF        STATUS, 5
0x001B	0x1303      	BCF        STATUS, 6
0x001C	0x1BB4      	BTFSC      FARG_Lcd_Cmd_out_char, 7
0x001D	0x2821      	GOTO       L__Lcd_Cmd21
0x001E	0x1283      	BCF        STATUS, 5
0x001F	0x1307      	BCF        LCD_D7, BitPos(LCD_D7+0)
0x0020	0x2823      	GOTO       L__Lcd_Cmd22
L__Lcd_Cmd21:
0x0021	0x1283      	BCF        STATUS, 5
0x0022	0x1707      	BSF        LCD_D7, BitPos(LCD_D7+0)
L__Lcd_Cmd22:
;__Lib_Lcd.c,21 :: 		
0x0023	0x1683      	BSF        STATUS, 5
0x0024	0x1B34      	BTFSC      FARG_Lcd_Cmd_out_char, 6
0x0025	0x2829      	GOTO       L__Lcd_Cmd23
0x0026	0x1283      	BCF        STATUS, 5
0x0027	0x1287      	BCF        LCD_D6, BitPos(LCD_D6+0)
0x0028	0x282B      	GOTO       L__Lcd_Cmd24
L__Lcd_Cmd23:
0x0029	0x1283      	BCF        STATUS, 5
0x002A	0x1687      	BSF        LCD_D6, BitPos(LCD_D6+0)
L__Lcd_Cmd24:
;__Lib_Lcd.c,22 :: 		
0x002B	0x1683      	BSF        STATUS, 5
0x002C	0x1AB4      	BTFSC      FARG_Lcd_Cmd_out_char, 5
0x002D	0x2831      	GOTO       L__Lcd_Cmd25
0x002E	0x1283      	BCF        STATUS, 5
0x002F	0x1207      	BCF        LCD_D5, BitPos(LCD_D5+0)
0x0030	0x2833      	GOTO       L__Lcd_Cmd26
L__Lcd_Cmd25:
0x0031	0x1283      	BCF        STATUS, 5
0x0032	0x1607      	BSF        LCD_D5, BitPos(LCD_D5+0)
L__Lcd_Cmd26:
;__Lib_Lcd.c,23 :: 		
0x0033	0x1683      	BSF        STATUS, 5
0x0034	0x1A34      	BTFSC      FARG_Lcd_Cmd_out_char, 4
0x0035	0x2839      	GOTO       L__Lcd_Cmd27
0x0036	0x1283      	BCF        STATUS, 5
0x0037	0x1187      	BCF        LCD_D4, BitPos(LCD_D4+0)
0x0038	0x283B      	GOTO       L__Lcd_Cmd28
L__Lcd_Cmd27:
0x0039	0x1283      	BCF        STATUS, 5
0x003A	0x1587      	BSF        LCD_D4, BitPos(LCD_D4+0)
L__Lcd_Cmd28:
;__Lib_Lcd.c,25 :: 		
0x003B	0x1869      	BTFSC      __Lib_Lcd_cmd_status, BitPos(__Lib_Lcd_cmd_status+0)
0x003C	0x283F      	GOTO       L__Lcd_Cmd29
0x003D	0x1487      	BSF        LCD_RS, BitPos(LCD_RS+0)
0x003E	0x2840      	GOTO       L__Lcd_Cmd30
L__Lcd_Cmd29:
0x003F	0x1087      	BCF        LCD_RS, BitPos(LCD_RS+0)
L__Lcd_Cmd30:
;__Lib_Lcd.c,28 :: 		
0x0040	0x1507      	BSF        LCD_EN, BitPos(LCD_EN+0)
;__Lib_Lcd.c,29 :: 		
0x0041	0x2003      	CALL       _Delay_1us
;__Lib_Lcd.c,30 :: 		
0x0042	0x1107      	BCF        LCD_EN, BitPos(LCD_EN+0)
;__Lib_Lcd.c,33 :: 		
0x0043	0x1683      	BSF        STATUS, 5
0x0044	0x19B4      	BTFSC      FARG_Lcd_Cmd_out_char, 3
0x0045	0x2849      	GOTO       L__Lcd_Cmd31
0x0046	0x1283      	BCF        STATUS, 5
0x0047	0x1307      	BCF        LCD_D7, BitPos(LCD_D7+0)
0x0048	0x284B      	GOTO       L__Lcd_Cmd32
L__Lcd_Cmd31:
0x0049	0x1283      	BCF        STATUS, 5
0x004A	0x1707      	BSF        LCD_D7, BitPos(LCD_D7+0)
L__Lcd_Cmd32:
;__Lib_Lcd.c,34 :: 		
0x004B	0x1683      	BSF        STATUS, 5
0x004C	0x1934      	BTFSC      FARG_Lcd_Cmd_out_char, 2
0x004D	0x2851      	GOTO       L__Lcd_Cmd33
0x004E	0x1283      	BCF        STATUS, 5
0x004F	0x1287      	BCF        LCD_D6, BitPos(LCD_D6+0)
0x0050	0x2853      	GOTO       L__Lcd_Cmd34
L__Lcd_Cmd33:
0x0051	0x1283      	BCF        STATUS, 5
0x0052	0x1687      	BSF        LCD_D6, BitPos(LCD_D6+0)
L__Lcd_Cmd34:
;__Lib_Lcd.c,35 :: 		
0x0053	0x1683      	BSF        STATUS, 5
0x0054	0x18B4      	BTFSC      FARG_Lcd_Cmd_out_char, 1
0x0055	0x2859      	GOTO       L__Lcd_Cmd35
0x0056	0x1283      	BCF        STATUS, 5
0x0057	0x1207      	BCF        LCD_D5, BitPos(LCD_D5+0)
0x0058	0x285B      	GOTO       L__Lcd_Cmd36
L__Lcd_Cmd35:
0x0059	0x1283      	BCF        STATUS, 5
0x005A	0x1607      	BSF        LCD_D5, BitPos(LCD_D5+0)
L__Lcd_Cmd36:
;__Lib_Lcd.c,36 :: 		
0x005B	0x1683      	BSF        STATUS, 5
0x005C	0x1834      	BTFSC      FARG_Lcd_Cmd_out_char, 0
0x005D	0x2861      	GOTO       L__Lcd_Cmd37
0x005E	0x1283      	BCF        STATUS, 5
0x005F	0x1187      	BCF        LCD_D4, BitPos(LCD_D4+0)
0x0060	0x2863      	GOTO       L__Lcd_Cmd38
L__Lcd_Cmd37:
0x0061	0x1283      	BCF        STATUS, 5
0x0062	0x1587      	BSF        LCD_D4, BitPos(LCD_D4+0)
L__Lcd_Cmd38:
;__Lib_Lcd.c,38 :: 		
0x0063	0x1869      	BTFSC      __Lib_Lcd_cmd_status, BitPos(__Lib_Lcd_cmd_status+0)
0x0064	0x2867      	GOTO       L__Lcd_Cmd39
0x0065	0x1487      	BSF        LCD_RS, BitPos(LCD_RS+0)
0x0066	0x2868      	GOTO       L__Lcd_Cmd40
L__Lcd_Cmd39:
0x0067	0x1087      	BCF        LCD_RS, BitPos(LCD_RS+0)
L__Lcd_Cmd40:
;__Lib_Lcd.c,40 :: 		
0x0068	0x1507      	BSF        LCD_EN, BitPos(LCD_EN+0)
;__Lib_Lcd.c,41 :: 		
0x0069	0x2003      	CALL       _Delay_1us
;__Lib_Lcd.c,42 :: 		
0x006A	0x1107      	BCF        LCD_EN, BitPos(LCD_EN+0)
;__Lib_Lcd.c,44 :: 		
0x006B	0x1C69      	BTFSS      __Lib_Lcd_cmd_status, BitPos(__Lib_Lcd_cmd_status+0)
0x006C	0x286F      	GOTO       L_Lcd_Cmd0
;__Lib_Lcd.c,45 :: 		
0x006D	0x2006      	CALL       _Delay_5500us
0x006E	0x2870      	GOTO       L_Lcd_Cmd1
L_Lcd_Cmd0:
;__Lib_Lcd.c,47 :: 		
0x006F	0x2013      	CALL       _Delay_50us
L_Lcd_Cmd1:
;__Lib_Lcd.c,48 :: 		
L_end_Lcd_Cmd:
0x0070	0x0008      	RETURN
; end of _Lcd_Cmd
_Delay_10us:
;__Lib_Delays.c,11 :: 		void Delay_10us() {
;__Lib_Delays.c,12 :: 		Delay_us(10);
0x0071	0x3006      	MOVLW      6
0x0072	0x1283      	BCF        STATUS, 5
0x0073	0x1303      	BCF        STATUS, 6
0x0074	0x00FD      	MOVWF      R13
L_Delay_10us0:
0x0075	0x0BFD      	DECFSZ     R13, 1
0x0076	0x2875      	GOTO       L_Delay_10us0
0x0077	0x0000      	NOP
;__Lib_Delays.c,13 :: 		}
L_end_Delay_10us:
0x0078	0x0008      	RETURN
; end of _Delay_10us
_Lcd_Chr_CP:
;__Lib_Lcd.c,50 :: 		
;__Lib_Lcd.c,52 :: 		
0x0079	0x1283      	BCF        STATUS, 5
0x007A	0x1303      	BCF        STATUS, 6
0x007B	0x1069      	BCF        __Lib_Lcd_cmd_status, BitPos(__Lib_Lcd_cmd_status+0)
;__Lib_Lcd.c,53 :: 		
0x007C	0x086F      	MOVF       FARG_Lcd_Chr_CP_out_char, 0
0x007D	0x1683      	BSF        STATUS, 5
0x007E	0x00B4      	MOVWF      FARG_Lcd_Cmd_out_char
0x007F	0x201A      	CALL       _Lcd_Cmd
;__Lib_Lcd.c,54 :: 		
0x0080	0x1469      	BSF        __Lib_Lcd_cmd_status, BitPos(__Lib_Lcd_cmd_status+0)
;__Lib_Lcd.c,55 :: 		
L_end_Lcd_Chr_CP:
0x0081	0x0008      	RETURN
; end of _Lcd_Chr_CP
_____DoICP:
;__Lib_System.c,6 :: 		
;__Lib_System.c,9 :: 		
0x0082	0x1283      	BCF        STATUS, 5
0x0083	0x1303      	BCF        STATUS, 6
0x0084	0x0868      	MOVF       ___DoICPAddr+1, 0
0x0085	0x008A      	MOVWF      PCLATH
;__Lib_System.c,10 :: 		
0x0086	0x0867      	MOVF       ___DoICPAddr, 0
0x0087	0x0082      	MOVWF      PCL
;__Lib_System.c,12 :: 		
L_end_____DoICP:
0x0088	0x0008      	RETURN
; end of _____DoICP
_Keypad_Key_Press:
;__Lib_Keypad4x4.c,39 :: 		
;__Lib_Keypad4x4.c,43 :: 		
0x0089	0x1283      	BCF        STATUS, 5
0x008A	0x1303      	BCF        STATUS, 6
0x008B	0x01EF      	CLRF       Keypad_Key_Press_rslt_L0
;__Lib_Keypad4x4.c,44 :: 		
0x008C	0x1683      	BSF        STATUS, 5
0x008D	0x01B1      	CLRF       Keypad_Key_Press_loc_L0
;__Lib_Keypad4x4.c,45 :: 		
0x008E	0x01B2      	CLRF       Keypad_Key_Press_rowcnt_L0
;__Lib_Keypad4x4.c,46 :: 		
0x008F	0x3010      	MOVLW      16
0x0090	0x00B3      	MOVWF      Keypad_Key_Press_shifter_L0
;__Lib_Keypad4x4.c,48 :: 		
L_Keypad_Key_Press0:
0x0091	0x3004      	MOVLW      4
0x0092	0x0232      	SUBWF      Keypad_Key_Press_rowcnt_L0, 0
0x0093	0x1803      	BTFSC      STATUS, 0
0x0094	0x28C3      	GOTO       L_Keypad_Key_Press1
;__Lib_Keypad4x4.c,50 :: 		
0x0095	0x30F0      	MOVLW      240
0x0096	0x1283      	BCF        STATUS, 5
0x0097	0x0086      	MOVWF      keypadPort
;__Lib_Keypad4x4.c,51 :: 		
0x0098	0x3080      	MOVLW      128
0x0099	0x00F0      	MOVWF      R0
0x009A	0x0870      	MOVF       R0, 0
0x009B	0x3E06      	ADDLW      keypadPort
0x009C	0x0084      	MOVWF      FSR
0x009D	0x1683      	BSF        STATUS, 5
0x009E	0x0933      	COMF       Keypad_Key_Press_shifter_L0, 0
0x009F	0x00F0      	MOVWF      R0
0x00A0	0x0870      	MOVF       R0, 0
0x00A1	0x0080      	MOVWF      INDF
;__Lib_Keypad4x4.c,55 :: 		
0x00A2	0x2003      	CALL       _Delay_1us
;__Lib_Keypad4x4.c,56 :: 		
0x00A3	0x2003      	CALL       _Delay_1us
;__Lib_Keypad4x4.c,57 :: 		
0x00A4	0x300F      	MOVLW      15
0x00A5	0x1283      	BCF        STATUS, 5
0x00A6	0x0506      	ANDWF      keypadPort, 0
0x00A7	0x00F0      	MOVWF      R0
0x00A8	0x0870      	MOVF       R0, 0
0x00A9	0x1683      	BSF        STATUS, 5
0x00AA	0x00B0      	MOVWF      Keypad_Key_Press_kdata_L0
;__Lib_Keypad4x4.c,58 :: 		
0x00AB	0x0870      	MOVF       R0, 0
0x00AC	0x1903      	BTFSC      STATUS, 2
0x00AD	0x28BD      	GOTO       L_Keypad_Key_Press2
;__Lib_Keypad4x4.c,60 :: 		
0x00AE	0x0831      	MOVF       Keypad_Key_Press_loc_L0, 0
0x00AF	0x1283      	BCF        STATUS, 5
0x00B0	0x00EF      	MOVWF      Keypad_Key_Press_rslt_L0
;__Lib_Keypad4x4.c,61 :: 		
L_Keypad_Key_Press3:
0x00B1	0x1683      	BSF        STATUS, 5
0x00B2	0x0830      	MOVF       Keypad_Key_Press_kdata_L0, 0
0x00B3	0x1903      	BTFSC      STATUS, 2
0x00B4	0x28BA      	GOTO       L_Keypad_Key_Press4
;__Lib_Keypad4x4.c,62 :: 		
0x00B5	0x0CB0      	RRF        Keypad_Key_Press_kdata_L0, 1
0x00B6	0x13B0      	BCF        Keypad_Key_Press_kdata_L0, 7
;__Lib_Keypad4x4.c,63 :: 		
0x00B7	0x1283      	BCF        STATUS, 5
0x00B8	0x0AEF      	INCF       Keypad_Key_Press_rslt_L0, 1
;__Lib_Keypad4x4.c,64 :: 		
0x00B9	0x28B1      	GOTO       L_Keypad_Key_Press3
L_Keypad_Key_Press4:
;__Lib_Keypad4x4.c,66 :: 		
0x00BA	0x3004      	MOVLW      4
0x00BB	0x1683      	BSF        STATUS, 5
0x00BC	0x00B2      	MOVWF      Keypad_Key_Press_rowcnt_L0
;__Lib_Keypad4x4.c,67 :: 		
L_Keypad_Key_Press2:
;__Lib_Keypad4x4.c,68 :: 		
0x00BD	0x0DB3      	RLF        Keypad_Key_Press_shifter_L0, 1
0x00BE	0x1033      	BCF        Keypad_Key_Press_shifter_L0, 0
;__Lib_Keypad4x4.c,69 :: 		
0x00BF	0x3004      	MOVLW      4
0x00C0	0x07B1      	ADDWF      Keypad_Key_Press_loc_L0, 1
;__Lib_Keypad4x4.c,70 :: 		
0x00C1	0x0AB2      	INCF       Keypad_Key_Press_rowcnt_L0, 1
;__Lib_Keypad4x4.c,71 :: 		
0x00C2	0x2891      	GOTO       L_Keypad_Key_Press0
L_Keypad_Key_Press1:
;__Lib_Keypad4x4.c,73 :: 		
0x00C3	0x1283      	BCF        STATUS, 5
0x00C4	0x086F      	MOVF       Keypad_Key_Press_rslt_L0, 0
0x00C5	0x00F0      	MOVWF      R0
;__Lib_Keypad4x4.c,74 :: 		
L_end_Keypad_Key_Press:
0x00C6	0x0008      	RETURN
; end of _Keypad_Key_Press
_Lcd_Out:
;__Lib_Lcd.c,184 :: 		
;__Lib_Lcd.c,187 :: 		
0x00C7	0x28D9      	GOTO       L_Lcd_Out11
;__Lib_Lcd.c,188 :: 		
L_Lcd_Out13:
0x00C8	0x3080      	MOVLW      128
0x00C9	0x1283      	BCF        STATUS, 5
0x00CA	0x1303      	BCF        STATUS, 6
0x00CB	0x00EB      	MOVWF      FARG_Lcd_Out_row
0x00CC	0x28EC      	GOTO       L_Lcd_Out12
;__Lib_Lcd.c,189 :: 		
L_Lcd_Out14:
0x00CD	0x30C0      	MOVLW      192
0x00CE	0x00EB      	MOVWF      FARG_Lcd_Out_row
0x00CF	0x28EC      	GOTO       L_Lcd_Out12
;__Lib_Lcd.c,190 :: 		
L_Lcd_Out15:
0x00D0	0x3094      	MOVLW      148
0x00D1	0x00EB      	MOVWF      FARG_Lcd_Out_row
0x00D2	0x28EC      	GOTO       L_Lcd_Out12
;__Lib_Lcd.c,191 :: 		
L_Lcd_Out16:
0x00D3	0x30D4      	MOVLW      212
0x00D4	0x00EB      	MOVWF      FARG_Lcd_Out_row
0x00D5	0x28EC      	GOTO       L_Lcd_Out12
;__Lib_Lcd.c,192 :: 		
L_Lcd_Out17:
0x00D6	0x3080      	MOVLW      128
0x00D7	0x00EB      	MOVWF      FARG_Lcd_Out_row
;__Lib_Lcd.c,193 :: 		
0x00D8	0x28EC      	GOTO       L_Lcd_Out12
L_Lcd_Out11:
0x00D9	0x1283      	BCF        STATUS, 5
0x00DA	0x1303      	BCF        STATUS, 6
0x00DB	0x086B      	MOVF       FARG_Lcd_Out_row, 0
0x00DC	0x3A01      	XORLW      1
0x00DD	0x1903      	BTFSC      STATUS, 2
0x00DE	0x28C8      	GOTO       L_Lcd_Out13
0x00DF	0x086B      	MOVF       FARG_Lcd_Out_row, 0
0x00E0	0x3A02      	XORLW      2
0x00E1	0x1903      	BTFSC      STATUS, 2
0x00E2	0x28CD      	GOTO       L_Lcd_Out14
0x00E3	0x086B      	MOVF       FARG_Lcd_Out_row, 0
0x00E4	0x3A03      	XORLW      3
0x00E5	0x1903      	BTFSC      STATUS, 2
0x00E6	0x28D0      	GOTO       L_Lcd_Out15
0x00E7	0x086B      	MOVF       FARG_Lcd_Out_row, 0
0x00E8	0x3A04      	XORLW      4
0x00E9	0x1903      	BTFSC      STATUS, 2
0x00EA	0x28D3      	GOTO       L_Lcd_Out16
0x00EB	0x28D6      	GOTO       L_Lcd_Out17
L_Lcd_Out12:
;__Lib_Lcd.c,194 :: 		
0x00EC	0x036C      	DECF       FARG_Lcd_Out_column, 0
0x00ED	0x00F0      	MOVWF      R0
0x00EE	0x086B      	MOVF       FARG_Lcd_Out_row, 0
0x00EF	0x07F0      	ADDWF      R0, 1
0x00F0	0x0870      	MOVF       R0, 0
0x00F1	0x00EB      	MOVWF      FARG_Lcd_Out_row
;__Lib_Lcd.c,196 :: 		
0x00F2	0x0870      	MOVF       R0, 0
0x00F3	0x1683      	BSF        STATUS, 5
0x00F4	0x00B4      	MOVWF      FARG_Lcd_Cmd_out_char
0x00F5	0x201A      	CALL       _Lcd_Cmd
;__Lib_Lcd.c,197 :: 		
0x00F6	0x1069      	BCF        __Lib_Lcd_cmd_status, BitPos(__Lib_Lcd_cmd_status+0)
;__Lib_Lcd.c,198 :: 		
0x00F7	0x01EE      	CLRF       Lcd_Out_i_L0
;__Lib_Lcd.c,199 :: 		
L_Lcd_Out18:
0x00F8	0x086E      	MOVF       Lcd_Out_i_L0, 0
0x00F9	0x076D      	ADDWF      FARG_Lcd_Out_text, 0
0x00FA	0x0084      	MOVWF      FSR
0x00FB	0x0800      	MOVF       INDF, 0
0x00FC	0x1903      	BTFSC      STATUS, 2
0x00FD	0x2906      	GOTO       L_Lcd_Out19
;__Lib_Lcd.c,200 :: 		
0x00FE	0x086E      	MOVF       Lcd_Out_i_L0, 0
0x00FF	0x076D      	ADDWF      FARG_Lcd_Out_text, 0
0x0100	0x0084      	MOVWF      FSR
0x0101	0x0800      	MOVF       INDF, 0
0x0102	0x00EF      	MOVWF      FARG_Lcd_Chr_CP_out_char
0x0103	0x2079      	CALL       _Lcd_Chr_CP
0x0104	0x0AEE      	INCF       Lcd_Out_i_L0, 1
0x0105	0x28F8      	GOTO       L_Lcd_Out18
L_Lcd_Out19:
;__Lib_Lcd.c,201 :: 		
0x0106	0x1469      	BSF        __Lib_Lcd_cmd_status, BitPos(__Lib_Lcd_cmd_status+0)
;__Lib_Lcd.c,202 :: 		
L_end_Lcd_Out:
0x0107	0x0008      	RETURN
; end of _Lcd_Out
_Keypad_Init:
;__Lib_Keypad4x4.c,34 :: 		
;__Lib_Keypad4x4.c,35 :: 		
0x0108	0x3080      	MOVLW      128
0x0109	0x1283      	BCF        STATUS, 5
0x010A	0x1303      	BCF        STATUS, 6
0x010B	0x00F0      	MOVWF      R0
0x010C	0x0870      	MOVF       R0, 0
0x010D	0x3E06      	ADDLW      keypadPort
0x010E	0x0084      	MOVWF      FSR
0x010F	0x30FF      	MOVLW      255
0x0110	0x0080      	MOVWF      INDF
;__Lib_Keypad4x4.c,36 :: 		
L_end_Keypad_Init:
0x0111	0x0008      	RETURN
; end of _Keypad_Init
_Keypad_Key_Click:
;__Lib_Keypad4x4.c,77 :: 		
;__Lib_Keypad4x4.c,81 :: 		
0x0112	0x2089      	CALL       _Keypad_Key_Press
0x0113	0x0870      	MOVF       R0, 0
0x0114	0x00EB      	MOVWF      Keypad_Key_Click_rslt_L0
;__Lib_Keypad4x4.c,83 :: 		
L_Keypad_Key_Click5:
0x0115	0x300F      	MOVLW      15
0x0116	0x0506      	ANDWF      keypadPort, 0
0x0117	0x00F0      	MOVWF      R0
0x0118	0x1903      	BTFSC      STATUS, 2
0x0119	0x291C      	GOTO       L_Keypad_Key_Click6
;__Lib_Keypad4x4.c,84 :: 		
0x011A	0x2071      	CALL       _Delay_10us
0x011B	0x2915      	GOTO       L_Keypad_Key_Click5
L_Keypad_Key_Click6:
;__Lib_Keypad4x4.c,86 :: 		
0x011C	0x086B      	MOVF       Keypad_Key_Click_rslt_L0, 0
0x011D	0x00F0      	MOVWF      R0
;__Lib_Keypad4x4.c,87 :: 		
L_end_Keypad_Key_Click:
0x011E	0x0008      	RETURN
; end of _Keypad_Key_Click
_Lcd_Init:
;__Lib_Lcd.c,84 :: 		
;__Lib_Lcd.c,86 :: 		
0x011F	0x1683      	BSF        STATUS, 5
0x0120	0x1303      	BCF        STATUS, 6
0x0121	0x1107      	BCF        LCD_EN_Direction, BitPos(LCD_EN_Direction+0)
;__Lib_Lcd.c,87 :: 		
0x0122	0x1087      	BCF        LCD_RS_Direction, BitPos(LCD_RS_Direction+0)
;__Lib_Lcd.c,88 :: 		
0x0123	0x1187      	BCF        LCD_D4_Direction, BitPos(LCD_D4_Direction+0)
;__Lib_Lcd.c,89 :: 		
0x0124	0x1207      	BCF        LCD_D5_Direction, BitPos(LCD_D5_Direction+0)
;__Lib_Lcd.c,90 :: 		
0x0125	0x1287      	BCF        LCD_D6_Direction, BitPos(LCD_D6_Direction+0)
;__Lib_Lcd.c,91 :: 		
0x0126	0x1307      	BCF        LCD_D7_Direction, BitPos(LCD_D7_Direction+0)
;__Lib_Lcd.c,93 :: 		
0x0127	0x1283      	BCF        STATUS, 5
0x0128	0x1107      	BCF        LCD_EN, BitPos(LCD_EN+0)
;__Lib_Lcd.c,94 :: 		
0x0129	0x1087      	BCF        LCD_RS, BitPos(LCD_RS+0)
;__Lib_Lcd.c,95 :: 		
0x012A	0x1307      	BCF        LCD_D7, BitPos(LCD_D7+0)
;__Lib_Lcd.c,96 :: 		
0x012B	0x1287      	BCF        LCD_D6, BitPos(LCD_D6+0)
;__Lib_Lcd.c,97 :: 		
0x012C	0x1207      	BCF        LCD_D5, BitPos(LCD_D5+0)
;__Lib_Lcd.c,98 :: 		
0x012D	0x1187      	BCF        LCD_D4, BitPos(LCD_D4+0)
;__Lib_Lcd.c,100 :: 		
0x012E	0x2006      	CALL       _Delay_5500us
;__Lib_Lcd.c,101 :: 		
0x012F	0x2006      	CALL       _Delay_5500us
;__Lib_Lcd.c,102 :: 		
0x0130	0x2006      	CALL       _Delay_5500us
;__Lib_Lcd.c,105 :: 		
0x0131	0x1607      	BSF        LCD_D5, BitPos(LCD_D5+0)
;__Lib_Lcd.c,106 :: 		
0x0132	0x1587      	BSF        LCD_D4, BitPos(LCD_D4+0)
;__Lib_Lcd.c,107 :: 		
0x0133	0x1507      	BSF        LCD_EN, BitPos(LCD_EN+0)
;__Lib_Lcd.c,108 :: 		
0x0134	0x2003      	CALL       _Delay_1us
;__Lib_Lcd.c,109 :: 		
0x0135	0x1107      	BCF        LCD_EN, BitPos(LCD_EN+0)
;__Lib_Lcd.c,110 :: 		
0x0136	0x2006      	CALL       _Delay_5500us
;__Lib_Lcd.c,112 :: 		
0x0137	0x1507      	BSF        LCD_EN, BitPos(LCD_EN+0)
;__Lib_Lcd.c,113 :: 		
0x0138	0x2003      	CALL       _Delay_1us
;__Lib_Lcd.c,114 :: 		
0x0139	0x1107      	BCF        LCD_EN, BitPos(LCD_EN+0)
;__Lib_Lcd.c,115 :: 		
0x013A	0x2006      	CALL       _Delay_5500us
;__Lib_Lcd.c,117 :: 		
0x013B	0x1507      	BSF        LCD_EN, BitPos(LCD_EN+0)
;__Lib_Lcd.c,118 :: 		
0x013C	0x2003      	CALL       _Delay_1us
;__Lib_Lcd.c,119 :: 		
0x013D	0x1107      	BCF        LCD_EN, BitPos(LCD_EN+0)
;__Lib_Lcd.c,120 :: 		
0x013E	0x2006      	CALL       _Delay_5500us
;__Lib_Lcd.c,123 :: 		
0x013F	0x1187      	BCF        LCD_D4, BitPos(LCD_D4+0)
;__Lib_Lcd.c,124 :: 		
0x0140	0x1507      	BSF        LCD_EN, BitPos(LCD_EN+0)
;__Lib_Lcd.c,125 :: 		
0x0141	0x2003      	CALL       _Delay_1us
;__Lib_Lcd.c,126 :: 		
0x0142	0x1107      	BCF        LCD_EN, BitPos(LCD_EN+0)
;__Lib_Lcd.c,127 :: 		
0x0143	0x2006      	CALL       _Delay_5500us
;__Lib_Lcd.c,130 :: 		
0x0144	0x1507      	BSF        LCD_EN, BitPos(LCD_EN+0)
;__Lib_Lcd.c,131 :: 		
0x0145	0x2003      	CALL       _Delay_1us
;__Lib_Lcd.c,132 :: 		
0x0146	0x1107      	BCF        LCD_EN, BitPos(LCD_EN+0)
;__Lib_Lcd.c,134 :: 		
0x0147	0x1207      	BCF        LCD_D5, BitPos(LCD_D5+0)
;__Lib_Lcd.c,135 :: 		
0x0148	0x1707      	BSF        LCD_D7, BitPos(LCD_D7+0)
;__Lib_Lcd.c,136 :: 		
0x0149	0x1507      	BSF        LCD_EN, BitPos(LCD_EN+0)
;__Lib_Lcd.c,137 :: 		
0x014A	0x2003      	CALL       _Delay_1us
;__Lib_Lcd.c,138 :: 		
0x014B	0x1107      	BCF        LCD_EN, BitPos(LCD_EN+0)
;__Lib_Lcd.c,139 :: 		
0x014C	0x2006      	CALL       _Delay_5500us
;__Lib_Lcd.c,142 :: 		
0x014D	0x1307      	BCF        LCD_D7, BitPos(LCD_D7+0)
;__Lib_Lcd.c,143 :: 		
0x014E	0x1587      	BSF        LCD_D4, BitPos(LCD_D4+0)
;__Lib_Lcd.c,144 :: 		
0x014F	0x1507      	BSF        LCD_EN, BitPos(LCD_EN+0)
;__Lib_Lcd.c,145 :: 		
0x0150	0x2003      	CALL       _Delay_1us
;__Lib_Lcd.c,146 :: 		
0x0151	0x1107      	BCF        LCD_EN, BitPos(LCD_EN+0)
;__Lib_Lcd.c,148 :: 		
0x0152	0x1187      	BCF        LCD_D4, BitPos(LCD_D4+0)
;__Lib_Lcd.c,149 :: 		
0x0153	0x1507      	BSF        LCD_EN, BitPos(LCD_EN+0)
;__Lib_Lcd.c,150 :: 		
0x0154	0x2003      	CALL       _Delay_1us
;__Lib_Lcd.c,151 :: 		
0x0155	0x1107      	BCF        LCD_EN, BitPos(LCD_EN+0)
;__Lib_Lcd.c,152 :: 		
0x0156	0x2006      	CALL       _Delay_5500us
;__Lib_Lcd.c,155 :: 		
0x0157	0x1507      	BSF        LCD_EN, BitPos(LCD_EN+0)
;__Lib_Lcd.c,156 :: 		
0x0158	0x2003      	CALL       _Delay_1us
;__Lib_Lcd.c,157 :: 		
0x0159	0x1107      	BCF        LCD_EN, BitPos(LCD_EN+0)
;__Lib_Lcd.c,159 :: 		
0x015A	0x1587      	BSF        LCD_D4, BitPos(LCD_D4+0)
;__Lib_Lcd.c,160 :: 		
0x015B	0x1507      	BSF        LCD_EN, BitPos(LCD_EN+0)
;__Lib_Lcd.c,161 :: 		
0x015C	0x2003      	CALL       _Delay_1us
;__Lib_Lcd.c,162 :: 		
0x015D	0x1107      	BCF        LCD_EN, BitPos(LCD_EN+0)
;__Lib_Lcd.c,163 :: 		
0x015E	0x2006      	CALL       _Delay_5500us
;__Lib_Lcd.c,166 :: 		
0x015F	0x1187      	BCF        LCD_D4, BitPos(LCD_D4+0)
;__Lib_Lcd.c,167 :: 		
0x0160	0x1507      	BSF        LCD_EN, BitPos(LCD_EN+0)
;__Lib_Lcd.c,168 :: 		
0x0161	0x2003      	CALL       _Delay_1us
;__Lib_Lcd.c,169 :: 		
0x0162	0x1107      	BCF        LCD_EN, BitPos(LCD_EN+0)
;__Lib_Lcd.c,171 :: 		
0x0163	0x1707      	BSF        LCD_D7, BitPos(LCD_D7+0)
;__Lib_Lcd.c,172 :: 		
0x0164	0x1687      	BSF        LCD_D6, BitPos(LCD_D6+0)
;__Lib_Lcd.c,173 :: 		
0x0165	0x1607      	BSF        LCD_D5, BitPos(LCD_D5+0)
;__Lib_Lcd.c,174 :: 		
0x0166	0x1587      	BSF        LCD_D4, BitPos(LCD_D4+0)
;__Lib_Lcd.c,175 :: 		
0x0167	0x1507      	BSF        LCD_EN, BitPos(LCD_EN+0)
;__Lib_Lcd.c,176 :: 		
0x0168	0x2003      	CALL       _Delay_1us
;__Lib_Lcd.c,177 :: 		
0x0169	0x1107      	BCF        LCD_EN, BitPos(LCD_EN+0)
;__Lib_Lcd.c,179 :: 		
0x016A	0x2006      	CALL       _Delay_5500us
;__Lib_Lcd.c,181 :: 		
0x016B	0x1469      	BSF        __Lib_Lcd_cmd_status, BitPos(__Lib_Lcd_cmd_status+0)
;__Lib_Lcd.c,182 :: 		
L_end_Lcd_Init:
0x016C	0x0008      	RETURN
; end of _Lcd_Init
___CC2DW:
;__Lib_System.c,134 :: 		
;__Lib_System.c,137 :: 		
_CC2D_Loop1:
;__Lib_System.c,139 :: 		
0x016D	0x2082      	CALL       _____DoICP
0x016E	0x118A      	BCF        PCLATH, 3
0x016F	0x120A      	BCF        PCLATH, 4
;__Lib_System.c,141 :: 		
0x0170	0x0080      	MOVWF      INDF
;__Lib_System.c,142 :: 		
0x0171	0x0A84      	INCF       FSR, 1
;__Lib_System.c,143 :: 		
0x0172	0x0AE7      	INCF       ___DoICPAddr, 1
;__Lib_System.c,145 :: 		
0x0173	0x1903      	BTFSC      STATUS, 2
;__Lib_System.c,146 :: 		
0x0174	0x0AE8      	INCF       ___DoICPAddr+1, 1
;__Lib_System.c,147 :: 		
0x0175	0x03F0      	DECF       R0, 1
;__Lib_System.c,149 :: 		
0x0176	0x1D03      	BTFSS      STATUS, 2
;__Lib_System.c,150 :: 		
0x0177	0x296D      	GOTO       _CC2D_Loop1
;__Lib_System.c,152 :: 		
L_end___CC2DW:
0x0178	0x0008      	RETURN
; end of ___CC2DW
_main:
0x0179	0x22B4      	CALL       692
;CajaFuerte.c,22 :: 		void main() {
;CajaFuerte.c,23 :: 		trisa = 0x0;
0x017A	0x1683      	BSF        STATUS, 5
0x017B	0x1303      	BCF        STATUS, 6
0x017C	0x0185      	CLRF       TRISA
;CajaFuerte.c,24 :: 		porta.b1=0;
0x017D	0x1283      	BCF        STATUS, 5
0x017E	0x1085      	BCF        PORTA, 1
;CajaFuerte.c,26 :: 		ANSEL  = 0;                        // CONFIGURAR LOS PINES COMO SALIDAS DIGITALES
0x017F	0x1683      	BSF        STATUS, 5
0x0180	0x1703      	BSF        STATUS, 6
0x0181	0x0188      	CLRF       ANSEL
;CajaFuerte.c,27 :: 		ANSELH = 0;
0x0182	0x0189      	CLRF       ANSELH
;CajaFuerte.c,28 :: 		C1ON_bit = 0;                      // DESACTIVAR LOS COMPARADORES
0x0183	0x1283      	BCF        STATUS, 5
0x0184	0x1387      	BCF        C1ON_bit, BitPos(C1ON_bit+0)
;CajaFuerte.c,29 :: 		C2ON_bit = 0;
0x0185	0x1388      	BCF        C2ON_bit, BitPos(C2ON_bit+0)
;CajaFuerte.c,32 :: 		Lcd_Init();                        // FUNCIÓN QUE INICIALIZA EL LCD
0x0186	0x211F      	CALL       _Lcd_Init
;CajaFuerte.c,33 :: 		Keypad_Init();                     //Inicialización Keypad
0x0187	0x2108      	CALL       _Keypad_Init
;CajaFuerte.c,34 :: 		do{
L_main0:
;CajaFuerte.c,35 :: 		Lcd_Cmd(_LCD_CLEAR);
0x0188	0x3001      	MOVLW      1
0x0189	0x1683      	BSF        STATUS, 5
0x018A	0x00B4      	MOVWF      FARG_Lcd_Cmd_out_char
0x018B	0x201A      	CALL       _Lcd_Cmd
;CajaFuerte.c,36 :: 		delay_ms(100);
0x018C	0x3002      	MOVLW      2
0x018D	0x00FB      	MOVWF      R11
0x018E	0x3004      	MOVLW      4
0x018F	0x00FC      	MOVWF      R12
0x0190	0x30BA      	MOVLW      186
0x0191	0x00FD      	MOVWF      R13
L_main3:
0x0192	0x0BFD      	DECFSZ     R13, 1
0x0193	0x2992      	GOTO       L_main3
0x0194	0x0BFC      	DECFSZ     R12, 1
0x0195	0x2992      	GOTO       L_main3
0x0196	0x0BFB      	DECFSZ     R11, 1
0x0197	0x2992      	GOTO       L_main3
0x0198	0x0000      	NOP
;CajaFuerte.c,37 :: 		texto="Control  Acceso";
0x0199	0x30A0      	MOVLW      ?lstr1_CajaFuerte
0x019A	0x00EA      	MOVWF      _texto
;CajaFuerte.c,38 :: 		Lcd_Out(1,1,texto);
0x019B	0x3001      	MOVLW      1
0x019C	0x00EB      	MOVWF      FARG_Lcd_Out_row
0x019D	0x3001      	MOVLW      1
0x019E	0x00EC      	MOVWF      FARG_Lcd_Out_column
0x019F	0x086A      	MOVF       _texto, 0
0x01A0	0x00ED      	MOVWF      FARG_Lcd_Out_text
0x01A1	0x20C7      	CALL       _Lcd_Out
;CajaFuerte.c,39 :: 		texto="PIC 16F887";
0x01A2	0x3051      	MOVLW      ?lstr2_CajaFuerte
0x01A3	0x00EA      	MOVWF      _texto
;CajaFuerte.c,40 :: 		Lcd_Out(2,1,texto);
0x01A4	0x3002      	MOVLW      2
0x01A5	0x00EB      	MOVWF      FARG_Lcd_Out_row
0x01A6	0x3001      	MOVLW      1
0x01A7	0x00EC      	MOVWF      FARG_Lcd_Out_column
0x01A8	0x086A      	MOVF       _texto, 0
0x01A9	0x00ED      	MOVWF      FARG_Lcd_Out_text
0x01AA	0x20C7      	CALL       _Lcd_Out
;CajaFuerte.c,41 :: 		delay_ms(300);
0x01AB	0x3004      	MOVLW      4
0x01AC	0x00FB      	MOVWF      R11
0x01AD	0x300C      	MOVLW      12
0x01AE	0x00FC      	MOVWF      R12
0x01AF	0x3033      	MOVLW      51
0x01B0	0x00FD      	MOVWF      R13
L_main4:
0x01B1	0x0BFD      	DECFSZ     R13, 1
0x01B2	0x29B1      	GOTO       L_main4
0x01B3	0x0BFC      	DECFSZ     R12, 1
0x01B4	0x29B1      	GOTO       L_main4
0x01B5	0x0BFB      	DECFSZ     R11, 1
0x01B6	0x29B1      	GOTO       L_main4
0x01B7	0x0000      	NOP
0x01B8	0x0000      	NOP
;CajaFuerte.c,42 :: 		Lcd_Cmd(_LCD_CLEAR);
0x01B9	0x3001      	MOVLW      1
0x01BA	0x1683      	BSF        STATUS, 5
0x01BB	0x00B4      	MOVWF      FARG_Lcd_Cmd_out_char
0x01BC	0x201A      	CALL       _Lcd_Cmd
;CajaFuerte.c,43 :: 		Lcd_Out(1,3, "Contrasena");
0x01BD	0x3001      	MOVLW      1
0x01BE	0x00EB      	MOVWF      FARG_Lcd_Out_row
0x01BF	0x3003      	MOVLW      3
0x01C0	0x00EC      	MOVWF      FARG_Lcd_Out_column
0x01C1	0x305C      	MOVLW      ?lstr3_CajaFuerte
0x01C2	0x00ED      	MOVWF      FARG_Lcd_Out_text
0x01C3	0x20C7      	CALL       _Lcd_Out
;CajaFuerte.c,44 :: 		Lcd_Out(2,5," ");
0x01C4	0x3002      	MOVLW      2
0x01C5	0x00EB      	MOVWF      FARG_Lcd_Out_row
0x01C6	0x3005      	MOVLW      5
0x01C7	0x00EC      	MOVWF      FARG_Lcd_Out_column
0x01C8	0x3027      	MOVLW      ?lstr4_CajaFuerte
0x01C9	0x00ED      	MOVWF      FARG_Lcd_Out_text
0x01CA	0x20C7      	CALL       _Lcd_Out
;CajaFuerte.c,46 :: 		do {
L_main5:
;CajaFuerte.c,47 :: 		kp = 0;                                // se reinicio el valor de la variable a 0
0x01CB	0x01A6      	CLRF       _kp
;CajaFuerte.c,48 :: 		do
L_main8:
;CajaFuerte.c,49 :: 		kp = Keypad_Key_Click();             // almacena la tecla presionada del keypad
0x01CC	0x2112      	CALL       _Keypad_Key_Click
0x01CD	0x0870      	MOVF       R0, 0
0x01CE	0x00A6      	MOVWF      _kp
;CajaFuerte.c,50 :: 		while (!kp);
0x01CF	0x0870      	MOVF       R0, 0
0x01D0	0x1903      	BTFSC      STATUS, 2
0x01D1	0x29CC      	GOTO       L_main8
;CajaFuerte.c,51 :: 		codigo[contador]= kp;
0x01D2	0x0829      	MOVF       _contador, 0
0x01D3	0x00F0      	MOVWF      R0
0x01D4	0x082A      	MOVF       _contador+1, 0
0x01D5	0x00F1      	MOVWF      R0+1
0x01D6	0x0DF0      	RLF        R0, 1
0x01D7	0x0DF1      	RLF        R0+1, 1
0x01D8	0x1070      	BCF        R0, 0
0x01D9	0x0870      	MOVF       R0, 0
0x01DA	0x3E20      	ADDLW      _codigo
0x01DB	0x0084      	MOVWF      FSR
0x01DC	0x0826      	MOVF       _kp, 0
0x01DD	0x0080      	MOVWF      INDF
0x01DE	0x3000      	MOVLW      0
0x01DF	0x1BA6      	BTFSC      _kp, 7
0x01E0	0x30FF      	MOVLW      255
0x01E1	0x0A84      	INCF       FSR, 1
0x01E2	0x0080      	MOVWF      INDF
;CajaFuerte.c,53 :: 		Lcd_Chr_CP("*");
0x01E3	0x30B2      	MOVLW      ?lstr_5_CajaFuerte
0x01E4	0x00EF      	MOVWF      FARG_Lcd_Chr_CP_out_char
0x01E5	0x2079      	CALL       _Lcd_Chr_CP
;CajaFuerte.c,54 :: 		contador++;
0x01E6	0x0AA9      	INCF       _contador, 1
0x01E7	0x1903      	BTFSC      STATUS, 2
0x01E8	0x0AAA      	INCF       _contador+1, 1
;CajaFuerte.c,55 :: 		delay_ms(100);
0x01E9	0x3002      	MOVLW      2
0x01EA	0x00FB      	MOVWF      R11
0x01EB	0x3004      	MOVLW      4
0x01EC	0x00FC      	MOVWF      R12
0x01ED	0x30BA      	MOVLW      186
0x01EE	0x00FD      	MOVWF      R13
L_main11:
0x01EF	0x0BFD      	DECFSZ     R13, 1
0x01F0	0x29EF      	GOTO       L_main11
0x01F1	0x0BFC      	DECFSZ     R12, 1
0x01F2	0x29EF      	GOTO       L_main11
0x01F3	0x0BFB      	DECFSZ     R11, 1
0x01F4	0x29EF      	GOTO       L_main11
0x01F5	0x0000      	NOP
;CajaFuerte.c,57 :: 		while(contador<3);
0x01F6	0x3080      	MOVLW      128
0x01F7	0x062A      	XORWF      _contador+1, 0
0x01F8	0x00F0      	MOVWF      R0
0x01F9	0x3080      	MOVLW      128
0x01FA	0x0270      	SUBWF      R0, 0
0x01FB	0x1D03      	BTFSS      STATUS, 2
0x01FC	0x29FF      	GOTO       L__main20
0x01FD	0x3003      	MOVLW      3
0x01FE	0x0229      	SUBWF      _contador, 0
L__main20:
0x01FF	0x1C03      	BTFSS      STATUS, 0
0x0200	0x29CB      	GOTO       L_main5
;CajaFuerte.c,59 :: 		if (codigo[0]==1 && codigo[1]==5 && codigo[2]==9){
0x0201	0x3000      	MOVLW      0
0x0202	0x0621      	XORWF      _codigo+1, 0
0x0203	0x1D03      	BTFSS      STATUS, 2
0x0204	0x2A07      	GOTO       L__main21
0x0205	0x3001      	MOVLW      1
0x0206	0x0620      	XORWF      _codigo, 0
L__main21:
0x0207	0x1D03      	BTFSS      STATUS, 2
0x0208	0x2A37      	GOTO       L_main14
0x0209	0x3000      	MOVLW      0
0x020A	0x0623      	XORWF      _codigo+3, 0
0x020B	0x1D03      	BTFSS      STATUS, 2
0x020C	0x2A0F      	GOTO       L__main22
0x020D	0x3005      	MOVLW      5
0x020E	0x0622      	XORWF      _codigo+2, 0
L__main22:
0x020F	0x1D03      	BTFSS      STATUS, 2
0x0210	0x2A37      	GOTO       L_main14
0x0211	0x3000      	MOVLW      0
0x0212	0x0625      	XORWF      _codigo+5, 0
0x0213	0x1D03      	BTFSS      STATUS, 2
0x0214	0x2A17      	GOTO       L__main23
0x0215	0x3009      	MOVLW      9
0x0216	0x0624      	XORWF      _codigo+4, 0
L__main23:
0x0217	0x1D03      	BTFSS      STATUS, 2
0x0218	0x2A37      	GOTO       L_main14
L__main18:
;CajaFuerte.c,60 :: 		porta.b1=1;
0x0219	0x1485      	BSF        PORTA, 1
;CajaFuerte.c,61 :: 		contador=0;
0x021A	0x01A9      	CLRF       _contador
0x021B	0x01AA      	CLRF       _contador+1
;CajaFuerte.c,62 :: 		Lcd_Cmd(_LCD_CLEAR);
0x021C	0x3001      	MOVLW      1
0x021D	0x1683      	BSF        STATUS, 5
0x021E	0x00B4      	MOVWF      FARG_Lcd_Cmd_out_char
0x021F	0x201A      	CALL       _Lcd_Cmd
;CajaFuerte.c,63 :: 		Lcd_Out(1,2,"Acceso Correcto");
0x0220	0x3001      	MOVLW      1
0x0221	0x00EB      	MOVWF      FARG_Lcd_Out_row
0x0222	0x3002      	MOVLW      2
0x0223	0x00EC      	MOVWF      FARG_Lcd_Out_column
0x0224	0x3041      	MOVLW      ?lstr6_CajaFuerte
0x0225	0x00ED      	MOVWF      FARG_Lcd_Out_text
0x0226	0x20C7      	CALL       _Lcd_Out
;CajaFuerte.c,64 :: 		delay_ms(1000);
0x0227	0x300B      	MOVLW      11
0x0228	0x00FB      	MOVWF      R11
0x0229	0x3026      	MOVLW      38
0x022A	0x00FC      	MOVWF      R12
0x022B	0x305D      	MOVLW      93
0x022C	0x00FD      	MOVWF      R13
L_main15:
0x022D	0x0BFD      	DECFSZ     R13, 1
0x022E	0x2A2D      	GOTO       L_main15
0x022F	0x0BFC      	DECFSZ     R12, 1
0x0230	0x2A2D      	GOTO       L_main15
0x0231	0x0BFB      	DECFSZ     R11, 1
0x0232	0x2A2D      	GOTO       L_main15
0x0233	0x0000      	NOP
0x0234	0x0000      	NOP
;CajaFuerte.c,65 :: 		porta.B1=0;
0x0235	0x1085      	BCF        PORTA, 1
;CajaFuerte.c,66 :: 		}
0x0236	0x2A54      	GOTO       L_main16
L_main14:
;CajaFuerte.c,68 :: 		codigo[1]=0;
0x0237	0x01A2      	CLRF       _codigo+2
0x0238	0x01A3      	CLRF       _codigo+3
;CajaFuerte.c,69 :: 		codigo[2]=0;
0x0239	0x01A4      	CLRF       _codigo+4
0x023A	0x01A5      	CLRF       _codigo+5
;CajaFuerte.c,70 :: 		codigo[3]=0;
0x023B	0x01A6      	CLRF       _codigo+6
0x023C	0x01A7      	CLRF       _codigo+7
;CajaFuerte.c,71 :: 		contador=0;
0x023D	0x01A9      	CLRF       _contador
0x023E	0x01AA      	CLRF       _contador+1
;CajaFuerte.c,72 :: 		Lcd_Out(1,1,"contraseña incorrecta");
0x023F	0x3001      	MOVLW      1
0x0240	0x00EB      	MOVWF      FARG_Lcd_Out_row
0x0241	0x3001      	MOVLW      1
0x0242	0x00EC      	MOVWF      FARG_Lcd_Out_column
0x0243	0x302B      	MOVLW      ?lstr7_CajaFuerte
0x0244	0x00ED      	MOVWF      FARG_Lcd_Out_text
0x0245	0x20C7      	CALL       _Lcd_Out
;CajaFuerte.c,73 :: 		delay_ms(500);
0x0246	0x3006      	MOVLW      6
0x0247	0x00FB      	MOVWF      R11
0x0248	0x3013      	MOVLW      19
0x0249	0x00FC      	MOVWF      R12
0x024A	0x30AD      	MOVLW      173
0x024B	0x00FD      	MOVWF      R13
L_main17:
0x024C	0x0BFD      	DECFSZ     R13, 1
0x024D	0x2A4C      	GOTO       L_main17
0x024E	0x0BFC      	DECFSZ     R12, 1
0x024F	0x2A4C      	GOTO       L_main17
0x0250	0x0BFB      	DECFSZ     R11, 1
0x0251	0x2A4C      	GOTO       L_main17
0x0252	0x0000      	NOP
0x0253	0x0000      	NOP
;CajaFuerte.c,74 :: 		}//fin else
L_main16:
;CajaFuerte.c,76 :: 		}while(1);
0x0254	0x2988      	GOTO       L_main0
;CajaFuerte.c,77 :: 		}
L_end_main:
0x0255	0x2A55      	GOTO       $+0
; end of _main
0x02B4	0x3020      	MOVLW      32
0x02B5	0x0084      	MOVWF      FSR
0x02B6	0x3047      	MOVLW      71
0x02B7	0x1283      	BCF        STATUS, 5
0x02B8	0x1303      	BCF        STATUS, 6
0x02B9	0x00F0      	MOVWF      R0
0x02BA	0x305B      	MOVLW      91
0x02BB	0x00E7      	MOVWF      ___DoICPAddr
0x02BC	0x3002      	MOVLW      2
0x02BD	0x00E8      	MOVWF      104
0x02BE	0x216D      	CALL       365
0x02BF	0x30A0      	MOVLW      160
0x02C0	0x0084      	MOVWF      FSR
0x02C1	0x3010      	MOVLW      16
0x02C2	0x1283      	BCF        STATUS, 5
0x02C3	0x00F0      	MOVWF      R0
0x02C4	0x30A2      	MOVLW      162
0x02C5	0x00E7      	MOVWF      ___DoICPAddr
0x02C6	0x3002      	MOVLW      2
0x02C7	0x00E8      	MOVWF      104
0x02C8	0x216D      	CALL       365
0x02C9	0x0008      	RETURN
;CajaFuerte.c,0 :: ?ICS_codigo
0x025B	0x3400 ;?ICS_codigo+0
0x025C	0x3400 ;?ICS_codigo+1
0x025D	0x3400 ;?ICS_codigo+2
0x025E	0x3400 ;?ICS_codigo+3
0x025F	0x3400 ;?ICS_codigo+4
0x0260	0x3400 ;?ICS_codigo+5
; end of ?ICS_codigo
;CajaFuerte.c,0 :: ?ICS_kp
0x0261	0x3400 ;?ICS_kp+0
; end of ?ICS_kp
;CajaFuerte.c,0 :: ?ICS?lstr4_CajaFuerte
0x0262	0x3420 ;?ICS?lstr4_CajaFuerte+0
0x0263	0x3400 ;?ICS?lstr4_CajaFuerte+1
; end of ?ICS?lstr4_CajaFuerte
;CajaFuerte.c,0 :: ?ICS_contador
0x0264	0x3400 ;?ICS_contador+0
0x0265	0x3400 ;?ICS_contador+1
; end of ?ICS_contador
;CajaFuerte.c,0 :: ?ICS?lstr7_CajaFuerte
0x0266	0x3463 ;?ICS?lstr7_CajaFuerte+0
0x0267	0x346F ;?ICS?lstr7_CajaFuerte+1
0x0268	0x346E ;?ICS?lstr7_CajaFuerte+2
0x0269	0x3474 ;?ICS?lstr7_CajaFuerte+3
0x026A	0x3472 ;?ICS?lstr7_CajaFuerte+4
0x026B	0x3461 ;?ICS?lstr7_CajaFuerte+5
0x026C	0x3473 ;?ICS?lstr7_CajaFuerte+6
0x026D	0x3465 ;?ICS?lstr7_CajaFuerte+7
0x026E	0x34F1 ;?ICS?lstr7_CajaFuerte+8
0x026F	0x3461 ;?ICS?lstr7_CajaFuerte+9
0x0270	0x3420 ;?ICS?lstr7_CajaFuerte+10
0x0271	0x3469 ;?ICS?lstr7_CajaFuerte+11
0x0272	0x346E ;?ICS?lstr7_CajaFuerte+12
0x0273	0x3463 ;?ICS?lstr7_CajaFuerte+13
0x0274	0x346F ;?ICS?lstr7_CajaFuerte+14
0x0275	0x3472 ;?ICS?lstr7_CajaFuerte+15
0x0276	0x3472 ;?ICS?lstr7_CajaFuerte+16
0x0277	0x3465 ;?ICS?lstr7_CajaFuerte+17
0x0278	0x3463 ;?ICS?lstr7_CajaFuerte+18
0x0279	0x3474 ;?ICS?lstr7_CajaFuerte+19
0x027A	0x3461 ;?ICS?lstr7_CajaFuerte+20
0x027B	0x3400 ;?ICS?lstr7_CajaFuerte+21
; end of ?ICS?lstr7_CajaFuerte
;CajaFuerte.c,0 :: ?ICS?lstr6_CajaFuerte
0x027C	0x3441 ;?ICS?lstr6_CajaFuerte+0
0x027D	0x3463 ;?ICS?lstr6_CajaFuerte+1
0x027E	0x3463 ;?ICS?lstr6_CajaFuerte+2
0x027F	0x3465 ;?ICS?lstr6_CajaFuerte+3
0x0280	0x3473 ;?ICS?lstr6_CajaFuerte+4
0x0281	0x346F ;?ICS?lstr6_CajaFuerte+5
0x0282	0x3420 ;?ICS?lstr6_CajaFuerte+6
0x0283	0x3443 ;?ICS?lstr6_CajaFuerte+7
0x0284	0x346F ;?ICS?lstr6_CajaFuerte+8
0x0285	0x3472 ;?ICS?lstr6_CajaFuerte+9
0x0286	0x3472 ;?ICS?lstr6_CajaFuerte+10
0x0287	0x3465 ;?ICS?lstr6_CajaFuerte+11
0x0288	0x3463 ;?ICS?lstr6_CajaFuerte+12
0x0289	0x3474 ;?ICS?lstr6_CajaFuerte+13
0x028A	0x346F ;?ICS?lstr6_CajaFuerte+14
0x028B	0x3400 ;?ICS?lstr6_CajaFuerte+15
; end of ?ICS?lstr6_CajaFuerte
;CajaFuerte.c,0 :: ?ICS?lstr2_CajaFuerte
0x028C	0x3450 ;?ICS?lstr2_CajaFuerte+0
0x028D	0x3449 ;?ICS?lstr2_CajaFuerte+1
0x028E	0x3443 ;?ICS?lstr2_CajaFuerte+2
0x028F	0x3420 ;?ICS?lstr2_CajaFuerte+3
0x0290	0x3431 ;?ICS?lstr2_CajaFuerte+4
0x0291	0x3436 ;?ICS?lstr2_CajaFuerte+5
0x0292	0x3446 ;?ICS?lstr2_CajaFuerte+6
0x0293	0x3438 ;?ICS?lstr2_CajaFuerte+7
0x0294	0x3438 ;?ICS?lstr2_CajaFuerte+8
0x0295	0x3437 ;?ICS?lstr2_CajaFuerte+9
0x0296	0x3400 ;?ICS?lstr2_CajaFuerte+10
; end of ?ICS?lstr2_CajaFuerte
;CajaFuerte.c,0 :: ?ICS?lstr3_CajaFuerte
0x0297	0x3443 ;?ICS?lstr3_CajaFuerte+0
0x0298	0x346F ;?ICS?lstr3_CajaFuerte+1
0x0299	0x346E ;?ICS?lstr3_CajaFuerte+2
0x029A	0x3474 ;?ICS?lstr3_CajaFuerte+3
0x029B	0x3472 ;?ICS?lstr3_CajaFuerte+4
0x029C	0x3461 ;?ICS?lstr3_CajaFuerte+5
0x029D	0x3473 ;?ICS?lstr3_CajaFuerte+6
0x029E	0x3465 ;?ICS?lstr3_CajaFuerte+7
0x029F	0x346E ;?ICS?lstr3_CajaFuerte+8
0x02A0	0x3461 ;?ICS?lstr3_CajaFuerte+9
0x02A1	0x3400 ;?ICS?lstr3_CajaFuerte+10
; end of ?ICS?lstr3_CajaFuerte
;CajaFuerte.c,0 :: ?ICS?lstr1_CajaFuerte
0x02A2	0x3443 ;?ICS?lstr1_CajaFuerte+0
0x02A3	0x346F ;?ICS?lstr1_CajaFuerte+1
0x02A4	0x346E ;?ICS?lstr1_CajaFuerte+2
0x02A5	0x3474 ;?ICS?lstr1_CajaFuerte+3
0x02A6	0x3472 ;?ICS?lstr1_CajaFuerte+4
0x02A7	0x346F ;?ICS?lstr1_CajaFuerte+5
0x02A8	0x346C ;?ICS?lstr1_CajaFuerte+6
0x02A9	0x3420 ;?ICS?lstr1_CajaFuerte+7
0x02AA	0x3420 ;?ICS?lstr1_CajaFuerte+8
0x02AB	0x3441 ;?ICS?lstr1_CajaFuerte+9
0x02AC	0x3463 ;?ICS?lstr1_CajaFuerte+10
0x02AD	0x3463 ;?ICS?lstr1_CajaFuerte+11
0x02AE	0x3465 ;?ICS?lstr1_CajaFuerte+12
0x02AF	0x3473 ;?ICS?lstr1_CajaFuerte+13
0x02B0	0x346F ;?ICS?lstr1_CajaFuerte+14
0x02B1	0x3400 ;?ICS?lstr1_CajaFuerte+15
; end of ?ICS?lstr1_CajaFuerte
;CajaFuerte.c,0 :: ?lstr_5_CajaFuerte
0x02B2	0x342A ;?lstr_5_CajaFuerte+0
0x02B3	0x3400 ;?lstr_5_CajaFuerte+1
; end of ?lstr_5_CajaFuerte
Symbol List:
//** Routines locations **
//ADDRESS    SIZE    PROCEDURE
//----------------------------------------------
0x0003       [3]    _Delay_1us
0x0006      [13]    _Delay_5500us
0x0013       [7]    _Delay_50us
0x001A      [87]    _Lcd_Cmd
0x0071       [8]    _Delay_10us
0x0079       [9]    _Lcd_Chr_CP
0x0082       [7]    _____DoICP
0x0089      [62]    _Keypad_Key_Press
0x00C7      [65]    _Lcd_Out
0x0108      [10]    _Keypad_Init
0x0112      [13]    _Keypad_Key_Click
0x011F      [78]    _Lcd_Init
0x016D      [12]    ___CC2DW
0x0179     [220]    _main
//** Variables locations ** 
//ADDRESS    SIZE    VARIABLE
//----------------------------------------------
0x0000       [1]    INDF
0x0002       [1]    PCL
0x0003       [1]    STATUS
0x0004       [1]    FSR
0x0005       [1]    PORTA
0x0006       [1]    keypadPort
0x0006       [1]    PORTB
0x0007       [0]    LCD_D5
0x0007       [0]    LCD_D6
0x0007       [0]    LCD_D7
0x0007       [0]    LCD_RS
0x0007       [0]    LCD_EN
0x0007       [0]    LCD_D4
0x0007       [0]    RC2_bit
0x0007       [0]    RC3_bit
0x0007       [0]    RC1_bit
0x0007       [0]    RC6_bit
0x0007       [0]    RC4_bit
0x0007       [0]    RC5_bit
0x000A       [1]    PCLATH
0x0020       [6]    _codigo
0x0026       [1]    _kp
0x0027       [2]    ?lstr4_CajaFuerte
0x0029       [2]    _contador
0x002B      [22]    ?lstr7_CajaFuerte
0x0041      [16]    ?lstr6_CajaFuerte
0x0051      [11]    ?lstr2_CajaFuerte
0x005C      [11]    ?lstr3_CajaFuerte
0x0067       [2]    ___DoICPAddr
0x0069       [0]    __Lib_Lcd_cmd_status
0x006A       [1]    _texto
0x006B       [1]    FARG_Lcd_Out_row
0x006B       [1]    Keypad_Key_Click_rslt_L0
0x006C       [1]    FARG_Lcd_Out_column
0x006D       [1]    FARG_Lcd_Out_text
0x006E       [1]    Lcd_Out_i_L0
0x006F       [1]    FARG_Lcd_Chr_CP_out_char
0x006F       [1]    Keypad_Key_Press_rslt_L0
0x0070       [1]    R0
0x0071       [1]    R1
0x0072       [1]    R2
0x0073       [1]    R3
0x0074       [1]    R4
0x0075       [1]    R5
0x0076       [1]    R6
0x0077       [1]    R7
0x0078       [1]    R8
0x0079       [1]    R9
0x007A       [1]    R10
0x007B       [1]    R11
0x007C       [1]    R12
0x007D       [1]    R13
0x007E       [1]    R14
0x007F       [1]    R15
0x0085       [1]    TRISA
0x0087       [0]    LCD_D6_Direction
0x0087       [0]    LCD_D7_Direction
0x0087       [0]    LCD_D5_Direction
0x0087       [0]    LCD_EN_Direction
0x0087       [0]    LCD_RS_Direction
0x0087       [0]    LCD_D4_Direction
0x0087       [0]    TRISC5_bit
0x0087       [0]    TRISC4_bit
0x0087       [0]    TRISC6_bit
0x0087       [0]    TRISC3_bit
0x0087       [0]    TRISC2_bit
0x0087       [0]    TRISC1_bit
0x00A0      [16]    ?lstr1_CajaFuerte
0x00B0       [1]    Keypad_Key_Press_kdata_L0
0x00B1       [1]    Keypad_Key_Press_loc_L0
0x00B2       [1]    Keypad_Key_Press_rowcnt_L0
0x00B3       [1]    Keypad_Key_Press_shifter_L0
0x00B4       [1]    FARG_Lcd_Cmd_out_char
0x0107       [0]    C1ON_bit
0x0108       [0]    C2ON_bit
0x0188       [1]    ANSEL
0x0189       [1]    ANSELH
//** Constants locations ** 
//ADDRESS    SIZE    CONSTANT
//----------------------------------------------
0x025B       [6]    ?ICS_codigo
0x0261       [1]    ?ICS_kp
0x0262       [2]    ?ICS?lstr4_CajaFuerte
0x0264       [2]    ?ICS_contador
0x0266      [22]    ?ICS?lstr7_CajaFuerte
0x027C      [16]    ?ICS?lstr6_CajaFuerte
0x028C      [11]    ?ICS?lstr2_CajaFuerte
0x0297      [11]    ?ICS?lstr3_CajaFuerte
0x02A2      [16]    ?ICS?lstr1_CajaFuerte
0x02B2       [2]    ?lstr_5_CajaFuerte
